c:\users\nates\documents\github\game-engine\x64\debug\vc143.pdb
c:\users\nates\documents\github\game-engine\x64\debug\vc143.idb
c:\users\nates\documents\github\game-engine\x64\debug\simple_render_system.obj
c:\users\nates\documents\github\game-engine\x64\debug\nate_window.obj
c:\users\nates\documents\github\game-engine\x64\debug\nate_swap_chain.obj
c:\users\nates\documents\github\game-engine\x64\debug\nate_renderer.obj
c:\users\nates\documents\github\game-engine\x64\debug\nate_pipeline.obj
c:\users\nates\documents\github\game-engine\x64\debug\nate_model.obj
c:\users\nates\documents\github\game-engine\x64\debug\nate_game_object.obj
c:\users\nates\documents\github\game-engine\x64\debug\nate_device.obj
c:\users\nates\documents\github\game-engine\x64\debug\nate_descriptors.obj
c:\users\nates\documents\github\game-engine\x64\debug\nate_camera.obj
c:\users\nates\documents\github\game-engine\x64\debug\nate_buffer.obj
c:\users\nates\documents\github\game-engine\x64\debug\main.obj
c:\users\nates\documents\github\game-engine\x64\debug\keyboard_movement_controller.obj
c:\users\nates\documents\github\game-engine\x64\debug\first_app.obj
c:\users\nates\documents\github\game-engine\x64\debug\point_light_system.obj
c:\users\nates\documents\github\game-engine\x64\debug\game engine.exe
c:\users\nates\documents\github\game-engine\x64\debug\game engine.ilk
c:\users\nates\documents\github\game-engine\x64\debug\game engine.pdb
c:\users\nates\documents\github\game-engine\x64\debug\game engine.tlog\cl.command.1.tlog
c:\users\nates\documents\github\game-engine\x64\debug\game engine.tlog\cl.items.tlog
c:\users\nates\documents\github\game-engine\x64\debug\game engine.tlog\cl.read.1.tlog
c:\users\nates\documents\github\game-engine\x64\debug\game engine.tlog\cl.write.1.tlog
c:\users\nates\documents\github\game-engine\x64\debug\game engine.tlog\link.command.1.tlog
c:\users\nates\documents\github\game-engine\x64\debug\game engine.tlog\link.read.1.tlog
c:\users\nates\documents\github\game-engine\x64\debug\game engine.tlog\link.write.1.tlog
